<?xml version="1.0" encoding="UTF-8"?>
<!-- Generated by org.testng.reporters.JUnitReportReporter -->
<testsuite hostname="DESKTOP-OE4CUV9" failures="0" tests="5" name="Demo1.Launchbrowser" time="6.975" errors="0" timestamp="2021-02-08T10:27:34 IST" skipped="0">
  <testcase classname="Demo1.Launchbrowser" name="launch_browser" time="4.766"/>
  <system-out/>
  <testcase classname="Demo1.Launchbrowser" name="Multiplication" time="0.516"/>
  <system-out/>
  <testcase classname="Demo1.Launchbrowser" name="Substraction" time="0.754"/>
  <system-out/>
  <testcase classname="Demo1.Launchbrowser" name="Addition" time="0.596"/>
  <system-out/>
  <testcase classname="Demo1.Launchbrowser" name="Division" time="0.343"/>
  <system-out/>
</testsuite> <!-- Demo1.Launchbrowser -->
